<?xml version="1.0" encoding="utf-8"?><testsuites name="pytest tests"><testsuite name="pytest" errors="0" failures="0" skipped="0" tests="21" time="9.642" timestamp="2026-09-24T00:22:18.138989+05:30" hostname="SHARAN"><testcase classname="backend.tests.unit.test_ike_correlator" name="test_initial_request_responder_spi_upgrade" time="0.030" /><testcase classname="backend.tests.unit.test_ike_correlator" name="test_retransmission_detection" time="0.001" /><testcase classname="backend.tests.unit.test_ike_correlator" name="test_natt_port_continuation" time="0.001" /><testcase classname="backend.tests.unit.test_ike_correlator" name="test_partial_session_handling" time="0.001" /><testcase classname="backend.tests.unit.test_sa_reconstruction" name="test_parent_ike_sa_selected_vs_proposed" time="0.001" /><testcase classname="backend.tests.unit.test_sa_reconstruction" name="test_proposals_only_keeps_transforms_unknown" time="0.001" /><testcase classname="backend.tests.unit.test_sa_reconstruction" name="test_mode_resolution_explicit_transport" time="0.001" /><testcase classname="backend.tests.unit.test_sa_reconstruction" name="test_mode_resolution_unknown_when_absent" time="0.001" /><testcase classname="backend.tests.unit.test_sa_reconstruction" name="test_orphan_child_sa_esp_only" time="0.001" /><testcase classname="backend.tests.unit.test_flow_aggregator" name="test_directional_stream_and_bidirectional_pairing" time="0.001" /><testcase classname="backend.tests.unit.test_flow_aggregator" name="test_idle_timeout_splits_streams" time="0.001" /><testcase classname="backend.tests.unit.test_flow_aggregator" name="test_unpaired_unidirectional_stream" time="0.001" /><testcase classname="backend.tests.unit.test_flow_aggregator" name="test_ipv6_and_natt_flow_detection" time="0.001" /><testcase classname="backend.tests.unit.test_api_reconstruction" name="test_reconstruction_api_lifecycle" time="0.215" /><testcase classname="tests.integration.test_stage4_reconstruction" name="test_real_stage2_run01_tunnel_gcm_reconstruction" time="5.712" /><testcase classname="tests.integration.test_stage4_reconstruction" name="test_real_stage2_run03_transport_reconstruction" time="0.677" /><testcase classname="tests.integration.test_stage4_reconstruction" name="test_real_stage2_run04_ipv6_reconstruction" time="0.550" /><testcase classname="tests.integration.test_stage4_reconstruction" name="test_real_stage2_run06_natt_reconstruction" time="0.577" /><testcase classname="tests.integration.test_stage4_reconstruction" name="test_real_esp_only_orphan_reconstruction" time="0.528" /><testcase classname="tests.integration.test_stage4_reconstruction" name="test_non_ipsec_reconstruction" time="0.627" /><testcase classname="tests.integration.test_stage4_reconstruction" name="test_reconstruction_idempotency_and_reproducibility" time="0.548" /></testsuite></testsuites>